Requirement already satisfied: torch>=2.0.0 in /projects/depa9289/software/anaconda/envs/medical_sd/lib/python3.10/site-packages (from -r requirements.txt (line 2)) (2.9.0)
Requirement already satisfied: torchvision>=0.15.0 in /projects/depa9289/software/anaconda/envs/medical_sd/lib/python3.10/site-packages (from -r requirements.txt (line 3)) (0.24.0)
Requirement already satisfied: diffusers>=0.27.0 in /projects/depa9289/software/anaconda/envs/medical_sd/lib/python3.10/site-packages (from -r requirements.txt (line 4)) (0.35.2)
Requirement already satisfied: transformers>=4.36.0 in /projects/depa9289/software/anaconda/envs/medical_sd/lib/python3.10/site-packages (from -r requirements.txt (line 5)) (4.57.1)
Requirement already satisfied: accelerate>=0.25.0 in /projects/depa9289/software/anaconda/envs/medical_sd/lib/python3.10/site-packages (from -r requirements.txt (line 6)) (1.11.0)
Collecting bitsandbytes>=0.41.0 (from -r requirements.txt (line 7))
  Downloading bitsandbytes-0.48.1-py3-none-manylinux_2_24_x86_64.whl.metadata (10 kB)
Collecting nibabel>=5.0.0 (from -r requirements.txt (line 8))
  Downloading nibabel-5.3.2-py3-none-any.whl.metadata (9.1 kB)
Collecting pandas>=2.0.0 (from -r requirements.txt (line 9))
  Downloading pandas-2.3.3-cp310-cp310-manylinux_2_24_x86_64.manylinux_2_28_x86_64.whl.metadata (91 kB)
Requirement already satisfied: numpy>=1.24.0 in /projects/depa9289/software/anaconda/envs/medical_sd/lib/python3.10/site-packages (from -r requirements.txt (line 10)) (2.2.6)
Collecting wandb>=0.16.0 (from -r requirements.txt (line 11))
  Downloading wandb-0.22.2-py3-none-manylinux_2_17_x86_64.manylinux2014_x86_64.whl.metadata (10 kB)
Requirement already satisfied: tqdm>=4.65.0 in /projects/depa9289/software/anaconda/envs/medical_sd/lib/python3.10/site-packages (from -r requirements.txt (line 12)) (4.67.1)
Collecting scikit-learn>=1.3.0 (from -r requirements.txt (line 13))
  Downloading scikit_learn-1.7.2-cp310-cp310-manylinux2014_x86_64.manylinux_2_17_x86_64.whl.metadata (11 kB)
Collecting scipy>=1.10.0 (from -r requirements.txt (line 14))
  Downloading scipy-1.15.3-cp310-cp310-manylinux_2_17_x86_64.manylinux2014_x86_64.whl.metadata (61 kB)
Collecting matplotlib>=3.6.0 (from -r requirements.txt (line 15))
  Downloading matplotlib-3.10.7-cp310-cp310-manylinux2014_x86_64.manylinux_2_17_x86_64.whl.metadata (11 kB)
Collecting seaborn>=0.12.0 (from -r requirements.txt (line 16))
  Downloading seaborn-0.13.2-py3-none-any.whl.metadata (5.4 kB)
Requirement already satisfied: filelock in /projects/depa9289/software/anaconda/envs/medical_sd/lib/python3.10/site-packages (from torch>=2.0.0->-r requirements.txt (line 2)) (3.20.0)
Requirement already satisfied: typing-extensions>=4.10.0 in /projects/depa9289/software/anaconda/envs/medical_sd/lib/python3.10/site-packages (from torch>=2.0.0->-r requirements.txt (line 2)) (4.15.0)
Requirement already satisfied: sympy>=1.13.3 in /projects/depa9289/software/anaconda/envs/medical_sd/lib/python3.10/site-packages (from torch>=2.0.0->-r requirements.txt (line 2)) (1.14.0)
Requirement already satisfied: networkx>=2.5.1 in /projects/depa9289/software/anaconda/envs/medical_sd/lib/python3.10/site-packages (from torch>=2.0.0->-r requirements.txt (line 2)) (3.4.2)
Requirement already satisfied: jinja2 in /projects/depa9289/software/anaconda/envs/medical_sd/lib/python3.10/site-packages (from torch>=2.0.0->-r requirements.txt (line 2)) (3.1.6)
Requirement already satisfied: fsspec>=0.8.5 in /projects/depa9289/software/anaconda/envs/medical_sd/lib/python3.10/site-packages (from torch>=2.0.0->-r requirements.txt (line 2)) (2025.9.0)
Requirement already satisfied: nvidia-cuda-nvrtc-cu12==12.8.93 in /projects/depa9289/software/anaconda/envs/medical_sd/lib/python3.10/site-packages (from torch>=2.0.0->-r requirements.txt (line 2)) (12.8.93)
Requirement already satisfied: nvidia-cuda-runtime-cu12==12.8.90 in /projects/depa9289/software/anaconda/envs/medical_sd/lib/python3.10/site-packages (from torch>=2.0.0->-r requirements.txt (line 2)) (12.8.90)
Requirement already satisfied: nvidia-cuda-cupti-cu12==12.8.90 in /projects/depa9289/software/anaconda/envs/medical_sd/lib/python3.10/site-packages (from torch>=2.0.0->-r requirements.txt (line 2)) (12.8.90)
Requirement already satisfied: nvidia-cudnn-cu12==9.10.2.21 in /projects/depa9289/software/anaconda/envs/medical_sd/lib/python3.10/site-packages (from torch>=2.0.0->-r requirements.txt (line 2)) (9.10.2.21)
Requirement already satisfied: nvidia-cublas-cu12==12.8.4.1 in /projects/depa9289/software/anaconda/envs/medical_sd/lib/python3.10/site-packages (from torch>=2.0.0->-r requirements.txt (line 2)) (12.8.4.1)
Requirement already satisfied: nvidia-cufft-cu12==11.3.3.83 in /projects/depa9289/software/anaconda/envs/medical_sd/lib/python3.10/site-packages (from torch>=2.0.0->-r requirements.txt (line 2)) (11.3.3.83)
Requirement already satisfied: nvidia-curand-cu12==10.3.9.90 in /projects/depa9289/software/anaconda/envs/medical_sd/lib/python3.10/site-packages (from torch>=2.0.0->-r requirements.txt (line 2)) (10.3.9.90)
Requirement already satisfied: nvidia-cusolver-cu12==11.7.3.90 in /projects/depa9289/software/anaconda/envs/medical_sd/lib/python3.10/site-packages (from torch>=2.0.0->-r requirements.txt (line 2)) (11.7.3.90)
Requirement already satisfied: nvidia-cusparse-cu12==12.5.8.93 in /projects/depa9289/software/anaconda/envs/medical_sd/lib/python3.10/site-packages (from torch>=2.0.0->-r requirements.txt (line 2)) (12.5.8.93)
Requirement already satisfied: nvidia-cusparselt-cu12==0.7.1 in /projects/depa9289/software/anaconda/envs/medical_sd/lib/python3.10/site-packages (from torch>=2.0.0->-r requirements.txt (line 2)) (0.7.1)
Requirement already satisfied: nvidia-nccl-cu12==2.27.5 in /projects/depa9289/software/anaconda/envs/medical_sd/lib/python3.10/site-packages (from torch>=2.0.0->-r requirements.txt (line 2)) (2.27.5)
Requirement already satisfied: nvidia-nvshmem-cu12==3.3.20 in /projects/depa9289/software/anaconda/envs/medical_sd/lib/python3.10/site-packages (from torch>=2.0.0->-r requirements.txt (line 2)) (3.3.20)
Requirement already satisfied: nvidia-nvtx-cu12==12.8.90 in /projects/depa9289/software/anaconda/envs/medical_sd/lib/python3.10/site-packages (from torch>=2.0.0->-r requirements.txt (line 2)) (12.8.90)
Requirement already satisfied: nvidia-nvjitlink-cu12==12.8.93 in /projects/depa9289/software/anaconda/envs/medical_sd/lib/python3.10/site-packages (from torch>=2.0.0->-r requirements.txt (line 2)) (12.8.93)
Requirement already satisfied: nvidia-cufile-cu12==1.13.1.3 in /projects/depa9289/software/anaconda/envs/medical_sd/lib/python3.10/site-packages (from torch>=2.0.0->-r requirements.txt (line 2)) (1.13.1.3)
Requirement already satisfied: triton==3.5.0 in /projects/depa9289/software/anaconda/envs/medical_sd/lib/python3.10/site-packages (from torch>=2.0.0->-r requirements.txt (line 2)) (3.5.0)
Requirement already satisfied: pillow!=8.3.*,>=5.3.0 in /projects/depa9289/software/anaconda/envs/medical_sd/lib/python3.10/site-packages (from torchvision>=0.15.0->-r requirements.txt (line 3)) (12.0.0)
Requirement already satisfied: importlib_metadata in /projects/depa9289/software/anaconda/envs/medical_sd/lib/python3.10/site-packages (from diffusers>=0.27.0->-r requirements.txt (line 4)) (8.7.0)
Requirement already satisfied: huggingface-hub>=0.34.0 in /projects/depa9289/software/anaconda/envs/medical_sd/lib/python3.10/site-packages (from diffusers>=0.27.0->-r requirements.txt (line 4)) (0.36.0)
Requirement already satisfied: regex!=2019.12.17 in /projects/depa9289/software/anaconda/envs/medical_sd/lib/python3.10/site-packages (from diffusers>=0.27.0->-r requirements.txt (line 4)) (2025.10.23)
Requirement already satisfied: requests in /projects/depa9289/software/anaconda/envs/medical_sd/lib/python3.10/site-packages (from diffusers>=0.27.0->-r requirements.txt (line 4)) (2.32.5)
Requirement already satisfied: safetensors>=0.3.1 in /projects/depa9289/software/anaconda/envs/medical_sd/lib/python3.10/site-packages (from diffusers>=0.27.0->-r requirements.txt (line 4)) (0.6.2)
Requirement already satisfied: packaging>=20.0 in /projects/depa9289/software/anaconda/envs/medical_sd/lib/python3.10/site-packages (from transformers>=4.36.0->-r requirements.txt (line 5)) (25.0)
Requirement already satisfied: pyyaml>=5.1 in /projects/depa9289/software/anaconda/envs/medical_sd/lib/python3.10/site-packages (from transformers>=4.36.0->-r requirements.txt (line 5)) (6.0.3)
Requirement already satisfied: tokenizers<=0.23.0,>=0.22.0 in /projects/depa9289/software/anaconda/envs/medical_sd/lib/python3.10/site-packages (from transformers>=4.36.0->-r requirements.txt (line 5)) (0.22.1)
Requirement already satisfied: hf-xet<2.0.0,>=1.1.3 in /projects/depa9289/software/anaconda/envs/medical_sd/lib/python3.10/site-packages (from huggingface-hub>=0.34.0->diffusers>=0.27.0->-r requirements.txt (line 4)) (1.2.0)
Requirement already satisfied: psutil in /projects/depa9289/software/anaconda/envs/medical_sd/lib/python3.10/site-packages (from accelerate>=0.25.0->-r requirements.txt (line 6)) (7.1.1)
Collecting importlib-resources>=5.12 (from nibabel>=5.0.0->-r requirements.txt (line 8))
  Downloading importlib_resources-6.5.2-py3-none-any.whl.metadata (3.9 kB)
Collecting python-dateutil>=2.8.2 (from pandas>=2.0.0->-r requirements.txt (line 9))
  Downloading python_dateutil-2.9.0.post0-py2.py3-none-any.whl.metadata (8.4 kB)
Collecting pytz>=2020.1 (from pandas>=2.0.0->-r requirements.txt (line 9))
  Downloading pytz-2025.2-py2.py3-none-any.whl.metadata (22 kB)
Collecting tzdata>=2022.7 (from pandas>=2.0.0->-r requirements.txt (line 9))
  Downloading tzdata-2025.2-py2.py3-none-any.whl.metadata (1.4 kB)
Collecting click>=8.0.1 (from wandb>=0.16.0->-r requirements.txt (line 11))
  Downloading click-8.3.0-py3-none-any.whl.metadata (2.6 kB)
Collecting gitpython!=3.1.29,>=1.0.0 (from wandb>=0.16.0->-r requirements.txt (line 11))
  Downloading gitpython-3.1.45-py3-none-any.whl.metadata (13 kB)
Collecting platformdirs (from wandb>=0.16.0->-r requirements.txt (line 11))
  Downloading platformdirs-4.5.0-py3-none-any.whl.metadata (12 kB)
Collecting protobuf!=4.21.0,!=5.28.0,<7,>=3.19.0 (from wandb>=0.16.0->-r requirements.txt (line 11))
  Downloading protobuf-6.33.0-cp39-abi3-manylinux2014_x86_64.whl.metadata (593 bytes)
Collecting pydantic<3 (from wandb>=0.16.0->-r requirements.txt (line 11))
  Downloading pydantic-2.12.3-py3-none-any.whl.metadata (87 kB)
Collecting sentry-sdk>=2.0.0 (from wandb>=0.16.0->-r requirements.txt (line 11))
  Downloading sentry_sdk-2.42.1-py2.py3-none-any.whl.metadata (10 kB)
Collecting annotated-types>=0.6.0 (from pydantic<3->wandb>=0.16.0->-r requirements.txt (line 11))
  Downloading annotated_types-0.7.0-py3-none-any.whl.metadata (15 kB)
Collecting pydantic-core==2.41.4 (from pydantic<3->wandb>=0.16.0->-r requirements.txt (line 11))
  Downloading pydantic_core-2.41.4-cp310-cp310-manylinux_2_17_x86_64.manylinux2014_x86_64.whl.metadata (7.3 kB)
Collecting typing-inspection>=0.4.2 (from pydantic<3->wandb>=0.16.0->-r requirements.txt (line 11))
  Downloading typing_inspection-0.4.2-py3-none-any.whl.metadata (2.6 kB)
Requirement already satisfied: charset_normalizer<4,>=2 in /projects/depa9289/software/anaconda/envs/medical_sd/lib/python3.10/site-packages (from requests->diffusers>=0.27.0->-r requirements.txt (line 4)) (3.4.4)
Requirement already satisfied: idna<4,>=2.5 in /projects/depa9289/software/anaconda/envs/medical_sd/lib/python3.10/site-packages (from requests->diffusers>=0.27.0->-r requirements.txt (line 4)) (3.11)
Requirement already satisfied: urllib3<3,>=1.21.1 in /projects/depa9289/software/anaconda/envs/medical_sd/lib/python3.10/site-packages (from requests->diffusers>=0.27.0->-r requirements.txt (line 4)) (2.5.0)
Requirement already satisfied: certifi>=2017.4.17 in /projects/depa9289/software/anaconda/envs/medical_sd/lib/python3.10/site-packages (from requests->diffusers>=0.27.0->-r requirements.txt (line 4)) (2025.10.5)
Collecting joblib>=1.2.0 (from scikit-learn>=1.3.0->-r requirements.txt (line 13))
  Downloading joblib-1.5.2-py3-none-any.whl.metadata (5.6 kB)
Collecting threadpoolctl>=3.1.0 (from scikit-learn>=1.3.0->-r requirements.txt (line 13))
  Downloading threadpoolctl-3.6.0-py3-none-any.whl.metadata (13 kB)
Collecting contourpy>=1.0.1 (from matplotlib>=3.6.0->-r requirements.txt (line 15))
  Downloading contourpy-1.3.2-cp310-cp310-manylinux_2_17_x86_64.manylinux2014_x86_64.whl.metadata (5.5 kB)
Collecting cycler>=0.10 (from matplotlib>=3.6.0->-r requirements.txt (line 15))
  Downloading cycler-0.12.1-py3-none-any.whl.metadata (3.8 kB)
Collecting fonttools>=4.22.0 (from matplotlib>=3.6.0->-r requirements.txt (line 15))
  Downloading fonttools-4.60.1-cp310-cp310-manylinux2014_x86_64.manylinux_2_17_x86_64.whl.metadata (112 kB)
Collecting kiwisolver>=1.3.1 (from matplotlib>=3.6.0->-r requirements.txt (line 15))
  Downloading kiwisolver-1.4.9-cp310-cp310-manylinux_2_12_x86_64.manylinux2010_x86_64.whl.metadata (6.3 kB)
Collecting pyparsing>=3 (from matplotlib>=3.6.0->-r requirements.txt (line 15))
  Downloading pyparsing-3.2.5-py3-none-any.whl.metadata (5.0 kB)
Collecting gitdb<5,>=4.0.1 (from gitpython!=3.1.29,>=1.0.0->wandb>=0.16.0->-r requirements.txt (line 11))
  Downloading gitdb-4.0.12-py3-none-any.whl.metadata (1.2 kB)
Collecting smmap<6,>=3.0.1 (from gitdb<5,>=4.0.1->gitpython!=3.1.29,>=1.0.0->wandb>=0.16.0->-r requirements.txt (line 11))
  Downloading smmap-5.0.2-py3-none-any.whl.metadata (4.3 kB)
Collecting six>=1.5 (from python-dateutil>=2.8.2->pandas>=2.0.0->-r requirements.txt (line 9))
  Downloading six-1.17.0-py2.py3-none-any.whl.metadata (1.7 kB)
Requirement already satisfied: mpmath<1.4,>=1.1.0 in /projects/depa9289/software/anaconda/envs/medical_sd/lib/python3.10/site-packages (from sympy>=1.13.3->torch>=2.0.0->-r requirements.txt (line 2)) (1.3.0)
Requirement already satisfied: zipp>=3.20 in /projects/depa9289/software/anaconda/envs/medical_sd/lib/python3.10/site-packages (from importlib_metadata->diffusers>=0.27.0->-r requirements.txt (line 4)) (3.23.0)
Requirement already satisfied: MarkupSafe>=2.0 in /projects/depa9289/software/anaconda/envs/medical_sd/lib/python3.10/site-packages (from jinja2->torch>=2.0.0->-r requirements.txt (line 2)) (3.0.3)
Downloading bitsandbytes-0.48.1-py3-none-manylinux_2_24_x86_64.whl (60.1 MB)
   ━━━━━━━━━━━━━━━━━━━━━━━━━━━━━━━━━━━━━━━━ 60.1/60.1 MB 37.7 MB/s  0:00:01
Downloading nibabel-5.3.2-py3-none-any.whl (3.3 MB)
   ━━━━━━━━━━━━━━━━━━━━━━━━━━━━━━━━━━━━━━━━ 3.3/3.3 MB 39.3 MB/s  0:00:00
Downloading pandas-2.3.3-cp310-cp310-manylinux_2_24_x86_64.manylinux_2_28_x86_64.whl (12.8 MB)
   ━━━━━━━━━━━━━━━━━━━━━━━━━━━━━━━━━━━━━━━━ 12.8/12.8 MB 14.3 MB/s  0:00:00
Downloading wandb-0.22.2-py3-none-manylinux_2_17_x86_64.manylinux2014_x86_64.whl (19.9 MB)
   ━━━━━━━━━━━━━━━━━━━━━━━━━━━━━━━━━━━━━━━━ 19.9/19.9 MB 15.1 MB/s  0:00:01
Downloading protobuf-6.33.0-cp39-abi3-manylinux2014_x86_64.whl (323 kB)
Downloading pydantic-2.12.3-py3-none-any.whl (462 kB)
Downloading pydantic_core-2.41.4-cp310-cp310-manylinux_2_17_x86_64.manylinux2014_x86_64.whl (2.1 MB)
   ━━━━━━━━━━━━━━━━━━━━━━━━━━━━━━━━━━━━━━━━ 2.1/2.1 MB 37.3 MB/s  0:00:00
Downloading scikit_learn-1.7.2-cp310-cp310-manylinux2014_x86_64.manylinux_2_17_x86_64.whl (9.7 MB)
   ━━━━━━━━━━━━━━━━━━━━━━━━━━━━━━━━━━━━━━━━ 9.7/9.7 MB 61.9 MB/s  0:00:00
Downloading scipy-1.15.3-cp310-cp310-manylinux_2_17_x86_64.manylinux2014_x86_64.whl (37.7 MB)
   ━━━━━━━━━━━━━━━━━━━━━━━━━━━━━━━━━━━━━━━━ 37.7/37.7 MB 51.5 MB/s  0:00:00
Downloading matplotlib-3.10.7-cp310-cp310-manylinux2014_x86_64.manylinux_2_17_x86_64.whl (8.7 MB)
   ━━━━━━━━━━━━━━━━━━━━━━━━━━━━━━━━━━━━━━━━ 8.7/8.7 MB 49.6 MB/s  0:00:00
Downloading seaborn-0.13.2-py3-none-any.whl (294 kB)
Downloading annotated_types-0.7.0-py3-none-any.whl (13 kB)
Downloading click-8.3.0-py3-none-any.whl (107 kB)
Downloading contourpy-1.3.2-cp310-cp310-manylinux_2_17_x86_64.manylinux2014_x86_64.whl (325 kB)
Downloading cycler-0.12.1-py3-none-any.whl (8.3 kB)
Downloading fonttools-4.60.1-cp310-cp310-manylinux2014_x86_64.manylinux_2_17_x86_64.whl (4.8 MB)
   ━━━━━━━━━━━━━━━━━━━━━━━━━━━━━━━━━━━━━━━━ 4.8/4.8 MB 30.6 MB/s  0:00:00
Downloading gitpython-3.1.45-py3-none-any.whl (208 kB)
Downloading gitdb-4.0.12-py3-none-any.whl (62 kB)
Downloading smmap-5.0.2-py3-none-any.whl (24 kB)
Downloading importlib_resources-6.5.2-py3-none-any.whl (37 kB)
Downloading joblib-1.5.2-py3-none-any.whl (308 kB)
Downloading kiwisolver-1.4.9-cp310-cp310-manylinux_2_12_x86_64.manylinux2010_x86_64.whl (1.6 MB)
   ━━━━━━━━━━━━━━━━━━━━━━━━━━━━━━━━━━━━━━━━ 1.6/1.6 MB 40.4 MB/s  0:00:00
Downloading pyparsing-3.2.5-py3-none-any.whl (113 kB)
Downloading python_dateutil-2.9.0.post0-py2.py3-none-any.whl (229 kB)
Downloading pytz-2025.2-py2.py3-none-any.whl (509 kB)
Downloading sentry_sdk-2.42.1-py2.py3-none-any.whl (380 kB)
Downloading six-1.17.0-py2.py3-none-any.whl (11 kB)
Downloading threadpoolctl-3.6.0-py3-none-any.whl (18 kB)
Downloading typing_inspection-0.4.2-py3-none-any.whl (14 kB)
Downloading tzdata-2025.2-py2.py3-none-any.whl (347 kB)
Downloading platformdirs-4.5.0-py3-none-any.whl (18 kB)
Installing collected packages: pytz, tzdata, typing-inspection, threadpoolctl, smmap, six, sentry-sdk, scipy, pyparsing, pydantic-core, protobuf, platformdirs, kiwisolver, joblib, importlib-resources, fonttools, cycler, contourpy, click, annotated-types, scikit-learn, python-dateutil, pydantic, nibabel, gitdb, pandas, matplotlib, gitpython, wandb, seaborn, bitsandbytes

Successfully installed annotated-types-0.7.0 bitsandbytes-0.48.1 click-8.3.0 contourpy-1.3.2 cycler-0.12.1 fonttools-4.60.1 gitdb-4.0.12 gitpython-3.1.45 importlib-resources-6.5.2 joblib-1.5.2 kiwisolver-1.4.9 matplotlib-3.10.7 nibabel-5.3.2 pandas-2.3.3 platformdirs-4.5.0 protobuf-6.33.0 pydantic-2.12.3 pydantic-core-2.41.4 pyparsing-3.2.5 python-dateutil-2.9.0.post0 pytz-2025.2 scikit-learn-1.7.2 scipy-1.15.3 seaborn-0.13.2 sentry-sdk-2.42.1 six-1.17.0 smmap-5.0.2 threadpoolctl-3.6.0 typing-inspection-0.4.2 tzdata-2025.2 wandb-0.22.2
