Requirement already satisfied: torch>=2.0.0 in /projects/depa9289/software/anaconda/envs/medical_sd/lib/python3.10/site-packages (from -r requirements.txt (line 2)) (2.9.0)
Requirement already satisfied: torchvision>=0.15.0 in /projects/depa9289/software/anaconda/envs/medical_sd/lib/python3.10/site-packages (from -r requirements.txt (line 3)) (0.24.0)
Requirement already satisfied: diffusers>=0.27.0 in /projects/depa9289/software/anaconda/envs/medical_sd/lib/python3.10/site-packages (from -r requirements.txt (line 4)) (0.35.2)
Requirement already satisfied: transformers>=4.36.0 in /projects/depa9289/software/anaconda/envs/medical_sd/lib/python3.10/site-packages (from -r requirements.txt (line 5)) (4.57.1)
Requirement already satisfied: accelerate>=0.25.0 in /projects/depa9289/software/anaconda/envs/medical_sd/lib/python3.10/site-packages (from -r requirements.txt (line 6)) (1.11.0)
Requirement already satisfied: bitsandbytes>=0.41.0 in /projects/depa9289/software/anaconda/envs/medical_sd/lib/python3.10/site-packages (from -r requirements.txt (line 7)) (0.48.1)
Requirement already satisfied: nibabel>=5.0.0 in /projects/depa9289/software/anaconda/envs/medical_sd/lib/python3.10/site-packages (from -r requirements.txt (line 8)) (5.3.2)
Requirement already satisfied: pandas>=2.0.0 in /projects/depa9289/software/anaconda/envs/medical_sd/lib/python3.10/site-packages (from -r requirements.txt (line 9)) (2.3.3)
Requirement already satisfied: numpy>=1.24.0 in /projects/depa9289/software/anaconda/envs/medical_sd/lib/python3.10/site-packages (from -r requirements.txt (line 10)) (2.2.6)
Requirement already satisfied: wandb>=0.16.0 in /projects/depa9289/software/anaconda/envs/medical_sd/lib/python3.10/site-packages (from -r requirements.txt (line 11)) (0.22.2)
Requirement already satisfied: tqdm>=4.65.0 in /projects/depa9289/software/anaconda/envs/medical_sd/lib/python3.10/site-packages (from -r requirements.txt (line 12)) (4.67.1)
Requirement already satisfied: scikit-learn>=1.3.0 in /projects/depa9289/software/anaconda/envs/medical_sd/lib/python3.10/site-packages (from -r requirements.txt (line 13)) (1.7.2)
Requirement already satisfied: scipy>=1.10.0 in /projects/depa9289/software/anaconda/envs/medical_sd/lib/python3.10/site-packages (from -r requirements.txt (line 14)) (1.15.3)
Requirement already satisfied: matplotlib>=3.6.0 in /projects/depa9289/software/anaconda/envs/medical_sd/lib/python3.10/site-packages (from -r requirements.txt (line 15)) (3.10.7)
Requirement already satisfied: seaborn>=0.12.0 in /projects/depa9289/software/anaconda/envs/medical_sd/lib/python3.10/site-packages (from -r requirements.txt (line 16)) (0.13.2)
Requirement already satisfied: filelock in /projects/depa9289/software/anaconda/envs/medical_sd/lib/python3.10/site-packages (from torch>=2.0.0->-r requirements.txt (line 2)) (3.20.0)
Requirement already satisfied: typing-extensions>=4.10.0 in /projects/depa9289/software/anaconda/envs/medical_sd/lib/python3.10/site-packages (from torch>=2.0.0->-r requirements.txt (line 2)) (4.15.0)
Requirement already satisfied: sympy>=1.13.3 in /projects/depa9289/software/anaconda/envs/medical_sd/lib/python3.10/site-packages (from torch>=2.0.0->-r requirements.txt (line 2)) (1.14.0)
Requirement already satisfied: networkx>=2.5.1 in /projects/depa9289/software/anaconda/envs/medical_sd/lib/python3.10/site-packages (from torch>=2.0.0->-r requirements.txt (line 2)) (3.4.2)
Requirement already satisfied: jinja2 in /projects/depa9289/software/anaconda/envs/medical_sd/lib/python3.10/site-packages (from torch>=2.0.0->-r requirements.txt (line 2)) (3.1.6)
Requirement already satisfied: fsspec>=0.8.5 in /projects/depa9289/software/anaconda/envs/medical_sd/lib/python3.10/site-packages (from torch>=2.0.0->-r requirements.txt (line 2)) (2025.9.0)
Requirement already satisfied: nvidia-cuda-nvrtc-cu12==12.8.93 in /projects/depa9289/software/anaconda/envs/medical_sd/lib/python3.10/site-packages (from torch>=2.0.0->-r requirements.txt (line 2)) (12.8.93)
Requirement already satisfied: nvidia-cuda-runtime-cu12==12.8.90 in /projects/depa9289/software/anaconda/envs/medical_sd/lib/python3.10/site-packages (from torch>=2.0.0->-r requirements.txt (line 2)) (12.8.90)
Requirement already satisfied: nvidia-cuda-cupti-cu12==12.8.90 in /projects/depa9289/software/anaconda/envs/medical_sd/lib/python3.10/site-packages (from torch>=2.0.0->-r requirements.txt (line 2)) (12.8.90)
Requirement already satisfied: nvidia-cudnn-cu12==9.10.2.21 in /projects/depa9289/software/anaconda/envs/medical_sd/lib/python3.10/site-packages (from torch>=2.0.0->-r requirements.txt (line 2)) (9.10.2.21)
Requirement already satisfied: nvidia-cublas-cu12==12.8.4.1 in /projects/depa9289/software/anaconda/envs/medical_sd/lib/python3.10/site-packages (from torch>=2.0.0->-r requirements.txt (line 2)) (12.8.4.1)
Requirement already satisfied: nvidia-cufft-cu12==11.3.3.83 in /projects/depa9289/software/anaconda/envs/medical_sd/lib/python3.10/site-packages (from torch>=2.0.0->-r requirements.txt (line 2)) (11.3.3.83)
Requirement already satisfied: nvidia-curand-cu12==10.3.9.90 in /projects/depa9289/software/anaconda/envs/medical_sd/lib/python3.10/site-packages (from torch>=2.0.0->-r requirements.txt (line 2)) (10.3.9.90)
Requirement already satisfied: nvidia-cusolver-cu12==11.7.3.90 in /projects/depa9289/software/anaconda/envs/medical_sd/lib/python3.10/site-packages (from torch>=2.0.0->-r requirements.txt (line 2)) (11.7.3.90)
Requirement already satisfied: nvidia-cusparse-cu12==12.5.8.93 in /projects/depa9289/software/anaconda/envs/medical_sd/lib/python3.10/site-packages (from torch>=2.0.0->-r requirements.txt (line 2)) (12.5.8.93)
Requirement already satisfied: nvidia-cusparselt-cu12==0.7.1 in /projects/depa9289/software/anaconda/envs/medical_sd/lib/python3.10/site-packages (from torch>=2.0.0->-r requirements.txt (line 2)) (0.7.1)
Requirement already satisfied: nvidia-nccl-cu12==2.27.5 in /projects/depa9289/software/anaconda/envs/medical_sd/lib/python3.10/site-packages (from torch>=2.0.0->-r requirements.txt (line 2)) (2.27.5)
Requirement already satisfied: nvidia-nvshmem-cu12==3.3.20 in /projects/depa9289/software/anaconda/envs/medical_sd/lib/python3.10/site-packages (from torch>=2.0.0->-r requirements.txt (line 2)) (3.3.20)
Requirement already satisfied: nvidia-nvtx-cu12==12.8.90 in /projects/depa9289/software/anaconda/envs/medical_sd/lib/python3.10/site-packages (from torch>=2.0.0->-r requirements.txt (line 2)) (12.8.90)
Requirement already satisfied: nvidia-nvjitlink-cu12==12.8.93 in /projects/depa9289/software/anaconda/envs/medical_sd/lib/python3.10/site-packages (from torch>=2.0.0->-r requirements.txt (line 2)) (12.8.93)
Requirement already satisfied: nvidia-cufile-cu12==1.13.1.3 in /projects/depa9289/software/anaconda/envs/medical_sd/lib/python3.10/site-packages (from torch>=2.0.0->-r requirements.txt (line 2)) (1.13.1.3)
Requirement already satisfied: triton==3.5.0 in /projects/depa9289/software/anaconda/envs/medical_sd/lib/python3.10/site-packages (from torch>=2.0.0->-r requirements.txt (line 2)) (3.5.0)
Requirement already satisfied: pillow!=8.3.*,>=5.3.0 in /projects/depa9289/software/anaconda/envs/medical_sd/lib/python3.10/site-packages (from torchvision>=0.15.0->-r requirements.txt (line 3)) (12.0.0)
Requirement already satisfied: importlib_metadata in /projects/depa9289/software/anaconda/envs/medical_sd/lib/python3.10/site-packages (from diffusers>=0.27.0->-r requirements.txt (line 4)) (8.7.0)
Requirement already satisfied: huggingface-hub>=0.34.0 in /projects/depa9289/software/anaconda/envs/medical_sd/lib/python3.10/site-packages (from diffusers>=0.27.0->-r requirements.txt (line 4)) (0.36.0)
Requirement already satisfied: regex!=2019.12.17 in /projects/depa9289/software/anaconda/envs/medical_sd/lib/python3.10/site-packages (from diffusers>=0.27.0->-r requirements.txt (line 4)) (2025.10.23)
Requirement already satisfied: requests in /projects/depa9289/software/anaconda/envs/medical_sd/lib/python3.10/site-packages (from diffusers>=0.27.0->-r requirements.txt (line 4)) (2.32.5)
Requirement already satisfied: safetensors>=0.3.1 in /projects/depa9289/software/anaconda/envs/medical_sd/lib/python3.10/site-packages (from diffusers>=0.27.0->-r requirements.txt (line 4)) (0.6.2)
Requirement already satisfied: packaging>=20.0 in /projects/depa9289/software/anaconda/envs/medical_sd/lib/python3.10/site-packages (from transformers>=4.36.0->-r requirements.txt (line 5)) (25.0)
Requirement already satisfied: pyyaml>=5.1 in /projects/depa9289/software/anaconda/envs/medical_sd/lib/python3.10/site-packages (from transformers>=4.36.0->-r requirements.txt (line 5)) (6.0.3)
Requirement already satisfied: tokenizers<=0.23.0,>=0.22.0 in /projects/depa9289/software/anaconda/envs/medical_sd/lib/python3.10/site-packages (from transformers>=4.36.0->-r requirements.txt (line 5)) (0.22.1)
Requirement already satisfied: hf-xet<2.0.0,>=1.1.3 in /projects/depa9289/software/anaconda/envs/medical_sd/lib/python3.10/site-packages (from huggingface-hub>=0.34.0->diffusers>=0.27.0->-r requirements.txt (line 4)) (1.2.0)
Requirement already satisfied: psutil in /projects/depa9289/software/anaconda/envs/medical_sd/lib/python3.10/site-packages (from accelerate>=0.25.0->-r requirements.txt (line 6)) (7.1.1)
Requirement already satisfied: importlib-resources>=5.12 in /projects/depa9289/software/anaconda/envs/medical_sd/lib/python3.10/site-packages (from nibabel>=5.0.0->-r requirements.txt (line 8)) (6.5.2)
Requirement already satisfied: python-dateutil>=2.8.2 in /projects/depa9289/software/anaconda/envs/medical_sd/lib/python3.10/site-packages (from pandas>=2.0.0->-r requirements.txt (line 9)) (2.9.0.post0)
Requirement already satisfied: pytz>=2020.1 in /projects/depa9289/software/anaconda/envs/medical_sd/lib/python3.10/site-packages (from pandas>=2.0.0->-r requirements.txt (line 9)) (2025.2)
Requirement already satisfied: tzdata>=2022.7 in /projects/depa9289/software/anaconda/envs/medical_sd/lib/python3.10/site-packages (from pandas>=2.0.0->-r requirements.txt (line 9)) (2025.2)
Requirement already satisfied: click>=8.0.1 in /projects/depa9289/software/anaconda/envs/medical_sd/lib/python3.10/site-packages (from wandb>=0.16.0->-r requirements.txt (line 11)) (8.3.0)
Requirement already satisfied: gitpython!=3.1.29,>=1.0.0 in /projects/depa9289/software/anaconda/envs/medical_sd/lib/python3.10/site-packages (from wandb>=0.16.0->-r requirements.txt (line 11)) (3.1.45)
Requirement already satisfied: platformdirs in /projects/depa9289/software/anaconda/envs/medical_sd/lib/python3.10/site-packages (from wandb>=0.16.0->-r requirements.txt (line 11)) (4.5.0)
Requirement already satisfied: protobuf!=4.21.0,!=5.28.0,<7,>=3.19.0 in /projects/depa9289/software/anaconda/envs/medical_sd/lib/python3.10/site-packages (from wandb>=0.16.0->-r requirements.txt (line 11)) (6.33.0)
Requirement already satisfied: pydantic<3 in /projects/depa9289/software/anaconda/envs/medical_sd/lib/python3.10/site-packages (from wandb>=0.16.0->-r requirements.txt (line 11)) (2.12.3)
Requirement already satisfied: sentry-sdk>=2.0.0 in /projects/depa9289/software/anaconda/envs/medical_sd/lib/python3.10/site-packages (from wandb>=0.16.0->-r requirements.txt (line 11)) (2.42.1)
Requirement already satisfied: annotated-types>=0.6.0 in /projects/depa9289/software/anaconda/envs/medical_sd/lib/python3.10/site-packages (from pydantic<3->wandb>=0.16.0->-r requirements.txt (line 11)) (0.7.0)
Requirement already satisfied: pydantic-core==2.41.4 in /projects/depa9289/software/anaconda/envs/medical_sd/lib/python3.10/site-packages (from pydantic<3->wandb>=0.16.0->-r requirements.txt (line 11)) (2.41.4)
Requirement already satisfied: typing-inspection>=0.4.2 in /projects/depa9289/software/anaconda/envs/medical_sd/lib/python3.10/site-packages (from pydantic<3->wandb>=0.16.0->-r requirements.txt (line 11)) (0.4.2)
Requirement already satisfied: charset_normalizer<4,>=2 in /projects/depa9289/software/anaconda/envs/medical_sd/lib/python3.10/site-packages (from requests->diffusers>=0.27.0->-r requirements.txt (line 4)) (3.4.4)
Requirement already satisfied: idna<4,>=2.5 in /projects/depa9289/software/anaconda/envs/medical_sd/lib/python3.10/site-packages (from requests->diffusers>=0.27.0->-r requirements.txt (line 4)) (3.11)
Requirement already satisfied: urllib3<3,>=1.21.1 in /projects/depa9289/software/anaconda/envs/medical_sd/lib/python3.10/site-packages (from requests->diffusers>=0.27.0->-r requirements.txt (line 4)) (2.5.0)
Requirement already satisfied: certifi>=2017.4.17 in /projects/depa9289/software/anaconda/envs/medical_sd/lib/python3.10/site-packages (from requests->diffusers>=0.27.0->-r requirements.txt (line 4)) (2025.10.5)
Requirement already satisfied: joblib>=1.2.0 in /projects/depa9289/software/anaconda/envs/medical_sd/lib/python3.10/site-packages (from scikit-learn>=1.3.0->-r requirements.txt (line 13)) (1.5.2)
Requirement already satisfied: threadpoolctl>=3.1.0 in /projects/depa9289/software/anaconda/envs/medical_sd/lib/python3.10/site-packages (from scikit-learn>=1.3.0->-r requirements.txt (line 13)) (3.6.0)
Requirement already satisfied: contourpy>=1.0.1 in /projects/depa9289/software/anaconda/envs/medical_sd/lib/python3.10/site-packages (from matplotlib>=3.6.0->-r requirements.txt (line 15)) (1.3.2)
Requirement already satisfied: cycler>=0.10 in /projects/depa9289/software/anaconda/envs/medical_sd/lib/python3.10/site-packages (from matplotlib>=3.6.0->-r requirements.txt (line 15)) (0.12.1)
Requirement already satisfied: fonttools>=4.22.0 in /projects/depa9289/software/anaconda/envs/medical_sd/lib/python3.10/site-packages (from matplotlib>=3.6.0->-r requirements.txt (line 15)) (4.60.1)
Requirement already satisfied: kiwisolver>=1.3.1 in /projects/depa9289/software/anaconda/envs/medical_sd/lib/python3.10/site-packages (from matplotlib>=3.6.0->-r requirements.txt (line 15)) (1.4.9)
Requirement already satisfied: pyparsing>=3 in /projects/depa9289/software/anaconda/envs/medical_sd/lib/python3.10/site-packages (from matplotlib>=3.6.0->-r requirements.txt (line 15)) (3.2.5)
Requirement already satisfied: gitdb<5,>=4.0.1 in /projects/depa9289/software/anaconda/envs/medical_sd/lib/python3.10/site-packages (from gitpython!=3.1.29,>=1.0.0->wandb>=0.16.0->-r requirements.txt (line 11)) (4.0.12)
Requirement already satisfied: smmap<6,>=3.0.1 in /projects/depa9289/software/anaconda/envs/medical_sd/lib/python3.10/site-packages (from gitdb<5,>=4.0.1->gitpython!=3.1.29,>=1.0.0->wandb>=0.16.0->-r requirements.txt (line 11)) (5.0.2)
Requirement already satisfied: six>=1.5 in /projects/depa9289/software/anaconda/envs/medical_sd/lib/python3.10/site-packages (from python-dateutil>=2.8.2->pandas>=2.0.0->-r requirements.txt (line 9)) (1.17.0)
Requirement already satisfied: mpmath<1.4,>=1.1.0 in /projects/depa9289/software/anaconda/envs/medical_sd/lib/python3.10/site-packages (from sympy>=1.13.3->torch>=2.0.0->-r requirements.txt (line 2)) (1.3.0)
Requirement already satisfied: zipp>=3.20 in /projects/depa9289/software/anaconda/envs/medical_sd/lib/python3.10/site-packages (from importlib_metadata->diffusers>=0.27.0->-r requirements.txt (line 4)) (3.23.0)
Requirement already satisfied: MarkupSafe>=2.0 in /projects/depa9289/software/anaconda/envs/medical_sd/lib/python3.10/site-packages (from jinja2->torch>=2.0.0->-r requirements.txt (line 2)) (3.0.3)
Loading data...
